This is pdfTeX, Version 3.14159265-2.6-1.40.19 (MiKTeX 2.9.6800 64-bit) (preloaded format=pdflatex 2018.9.5)  5 SEP 2018 15:38
entering extended mode
**./regles.tex
(regles.tex
LaTeX2e <2018-04-01> patch level 5
("C:\Users\Antoine\AppData\Local\Programs\MiKTeX 2.9\tex\latex\base\book.cls"
Document Class: book 2014/09/29 v1.4h Standard LaTeX document class
("C:\Users\Antoine\AppData\Local\Programs\MiKTeX 2.9\tex\latex\base\bk10.clo"
File: bk10.clo 2014/09/29 v1.4h Standard LaTeX file (size option)
)
\c@part=\count80
\c@chapter=\count81
\c@section=\count82
\c@subsection=\count83
\c@subsubsection=\count84
\c@paragraph=\count85
\c@subparagraph=\count86
\c@figure=\count87
\c@table=\count88
\abovecaptionskip=\skip41
\belowcaptionskip=\skip42
\bibindent=\dimen102
)
("C:\Users\Antoine\AppData\Local\Programs\MiKTeX 2.9\tex\latex\base\inputenc.st
y"
Package: inputenc 2018/04/06 v1.3b Input encoding file
\inpenc@prehook=\toks14
\inpenc@posthook=\toks15
)
("C:\Users\Antoine\AppData\Local\Programs\MiKTeX 2.9\tex\latex\base\fontenc.sty
"
Package: fontenc 2017/04/05 v2.0i Standard LaTeX package
 ("C:\Users\Antoine\AppData\Local\Programs\MiKTeX 2.9\tex\latex\base\t1enc.def"
File: t1enc.def 2017/04/05 v2.0i Standard LaTeX file
LaTeX Font Info:    Redeclaring font encoding T1 on input line 48.
))
("C:\Users\Antoine\AppData\Local\Programs\MiKTeX 2.9\tex\latex\amsmath\amsmath.
sty"
Package: amsmath 2017/09/02 v2.17a AMS math features
\@mathmargin=\skip43

For additional information on amsmath, use the `?' option.

("C:\Users\Antoine\AppData\Local\Programs\MiKTeX 2.9\tex\latex\amsmath\amstext.
sty"
Package: amstext 2000/06/29 v2.01 AMS text

("C:\Users\Antoine\AppData\Local\Programs\MiKTeX 2.9\tex\latex\amsmath\amsgen.s
ty"
File: amsgen.sty 1999/11/30 v2.0 generic functions
\@emptytoks=\toks16
\ex@=\dimen103
))
("C:\Users\Antoine\AppData\Local\Programs\MiKTeX 2.9\tex\latex\amsmath\amsbsy.s
ty"
Package: amsbsy 1999/11/29 v1.2d Bold Symbols
\pmbraise@=\dimen104
)
("C:\Users\Antoine\AppData\Local\Programs\MiKTeX 2.9\tex\latex\amsmath\amsopn.s
ty"
Package: amsopn 2016/03/08 v2.02 operator names
)
\inf@bad=\count89
LaTeX Info: Redefining \frac on input line 213.
\uproot@=\count90
\leftroot@=\count91
LaTeX Info: Redefining \overline on input line 375.
\classnum@=\count92
\DOTSCASE@=\count93
LaTeX Info: Redefining \ldots on input line 472.
LaTeX Info: Redefining \dots on input line 475.
LaTeX Info: Redefining \cdots on input line 596.
\Mathstrutbox@=\box26
\strutbox@=\box27
\big@size=\dimen105
LaTeX Font Info:    Redeclaring font encoding OML on input line 712.
LaTeX Font Info:    Redeclaring font encoding OMS on input line 713.
\macc@depth=\count94
\c@MaxMatrixCols=\count95
\dotsspace@=\muskip10
\c@parentequation=\count96
\dspbrk@lvl=\count97
\tag@help=\toks17
\row@=\count98
\column@=\count99
\maxfields@=\count100
\andhelp@=\toks18
\eqnshift@=\dimen106
\alignsep@=\dimen107
\tagshift@=\dimen108
\tagwidth@=\dimen109
\totwidth@=\dimen110
\lineht@=\dimen111
\@envbody=\toks19
\multlinegap=\skip44
\multlinetaggap=\skip45
\mathdisplay@stack=\toks20
LaTeX Info: Redefining \[ on input line 2817.
LaTeX Info: Redefining \] on input line 2818.
)
("C:\Users\Antoine\AppData\Local\Programs\MiKTeX 2.9\tex\latex\amsfonts\amsfont
s.sty"
Package: amsfonts 2013/01/14 v3.01 Basic AMSFonts support
\symAMSa=\mathgroup4
\symAMSb=\mathgroup5
LaTeX Font Info:    Overwriting math alphabet `\mathfrak' in version `bold'
(Font)                  U/euf/m/n --> U/euf/b/n on input line 106.
)
("C:\Users\Antoine\AppData\Local\Programs\MiKTeX 2.9\tex\latex\amsfonts\amssymb
.sty"
Package: amssymb 2013/01/14 v3.01 AMS font symbols
)
("C:\Users\Antoine\AppData\Local\Programs\MiKTeX 2.9\tex\latex\shorttoc\shortto
c.sty"
Package: shorttoc 2002/08/20 v1.3 Short table of contents (JPFD)
) (regles.aux)
\openout1 = `regles.aux'.

LaTeX Font Info:    Checking defaults for OML/cmm/m/it on input line 12.
LaTeX Font Info:    ... okay on input line 12.
LaTeX Font Info:    Checking defaults for T1/cmr/m/n on input line 12.
LaTeX Font Info:    ... okay on input line 12.
LaTeX Font Info:    Checking defaults for OT1/cmr/m/n on input line 12.
LaTeX Font Info:    ... okay on input line 12.
LaTeX Font Info:    Checking defaults for OMS/cmsy/m/n on input line 12.
LaTeX Font Info:    ... okay on input line 12.
LaTeX Font Info:    Checking defaults for OMX/cmex/m/n on input line 12.
LaTeX Font Info:    ... okay on input line 12.
LaTeX Font Info:    Checking defaults for U/cmr/m/n on input line 12.
LaTeX Font Info:    ... okay on input line 12.
LaTeX Font Info:    Try loading font information for U+msa on input line 14.

("C:\Users\Antoine\AppData\Local\Programs\MiKTeX 2.9\tex\latex\amsfonts\umsa.fd
"
File: umsa.fd 2013/01/14 v3.01 AMS symbols A
)
LaTeX Font Info:    Try loading font information for U+msb on input line 14.

("C:\Users\Antoine\AppData\Local\Programs\MiKTeX 2.9\tex\latex\amsfonts\umsb.fd
"
File: umsb.fd 2013/01/14 v3.01 AMS symbols B
) [1



{C:/Users/Antoine/AppData/Local/MiKTeX/2.9/pdftex/config/pdftex.map}]
[2



] (regles.toc) [3] [4


] [5

] [6

]
Chapter 1.

Underfull \vbox (badness 1308) has occurred while \output is active []


Underfull \hbox (badness 2035) in paragraph at lines 51--55
\T1/cmr/m/n/10 : leur ob-jec-tif, leur seuil et leur in-ter-valle.
 []

[7]
Underfull \hbox (badness 2393) in paragraph at lines 75--77
\T1/cmr/m/n/10 L'habileté est la ca-pac-ité d'un per-son-nage à
 []

[8]
Underfull \hbox (badness 1102) in paragraph at lines 107--111
\T1/cmr/m/n/10 ser-vent aux dif-férents types d'armes : lames,
 []

[9]
LaTeX Font Info:    Try loading font information for OMS+cmr on input line 135.


("C:\Users\Antoine\AppData\Local\Programs\MiKTeX 2.9\tex\latex\base\omscmr.fd"
File: omscmr.fd 2014/09/29 v2.5h Standard LaTeX font definitions
)
LaTeX Font Info:    Font shape `OMS/cmr/m/n' in size <10> not available
(Font)              Font shape `OMS/cmsy/m/n' tried instead on input line 135.

Underfull \hbox (badness 1997) in paragraph at lines 140--144
\T1/cmr/m/n/10 d'athlétisme+END. Un test d'équitation+HAB
 []

[10]
Underfull \hbox (badness 2384) in paragraph at lines 174--175
[]\T1/cmr/m/n/10 Enfin, un per-son-nage es-cal-adant une paroi
 []


Underfull \hbox (badness 1014) in paragraph at lines 174--175
\T1/cmr/m/n/10 subit un malus de -1 par tranche de 5 ki-los
 []

[11] [12]
Underfull \hbox (badness 3250) in paragraph at lines 236--237
\T1/cmr/m/n/10 Ensemble des con-nais-sances pra-tiques et des
 []

[13] [14

]
Chapter 2.

Underfull \hbox (badness 10000) in paragraph at lines 271--272
[]\T1/cmr/m/n/10 coma : Le per-son-nage tombe dans
 []


Underfull \hbox (badness 4846) in paragraph at lines 271--272
\T1/cmr/m/n/10 l'inconscience après ses ef-forts trop im-
 []


Underfull \vbox (badness 10000) has occurred while \output is active []

 [15]
[16]
Underfull \hbox (badness 1314) in paragraph at lines 374--378
\T1/cmr/m/n/10 un test en op-po-si-tion en-tre la VIT+arme de
 []


Underfull \hbox (badness 2310) in paragraph at lines 391--395
\T1/cmr/m/n/10 posé de Corps à corps + VIT, et de con-
 []


Underfull \hbox (badness 1824) in paragraph at lines 391--395
\T1/cmr/m/n/10 tin-uer comme s'il s'agissait d'une at-taque de
 []


Underfull \hbox (badness 1221) in paragraph at lines 391--395
\T1/cmr/m/n/10 mêlée nor-male (les valeurs de dégâts des po-
 []


Overfull \hbox (134.89032pt too wide) in paragraph at lines 414--423
 [] 
 []

[17] [18]
Underfull \hbox (badness 1603) in paragraph at lines 478--479
\T1/cmr/m/n/10 Comme in-diqué précédem-ment, il ex-iste deux
 []

[19]
Underfull \hbox (badness 2460) in paragraph at lines 496--498
\T1/cmr/m/n/10 Il est pos-si-ble de porter plusieurs épais-seurs
 []

[20]
Underfull \hbox (badness 1490) in paragraph at lines 539--540
\T1/cmr/m/n/10 Utilisation de la struc-ture lamel-laire (lamelles
 []


Underfull \hbox (badness 3514) in paragraph at lines 539--540
\T1/cmr/m/n/10 rel-a-tive-ment basique, mais plutôt ef-fi-cace et
 []

[21] [22

]
Chapter 3.
[23

]
Underfull \hbox (badness 4217) in paragraph at lines 599--601
\T1/cmr/m/n/10 L'enfance du per-son-nage n'est pas vrai-ment
 []


Underfull \vbox (badness 1112) has occurred while \output is active []

 [24]
[25]
Underfull \hbox (badness 1038) in paragraph at lines 634--636
\T1/cmr/m/n/10 Le per-son-nage a étudié la magie auprès d'un
 []


Underfull \hbox (badness 1377) in paragraph at lines 649--651
\T1/cmr/m/n/10 Le per-son-nage a passé l'adolescence avec une
 []

[26]
Underfull \hbox (badness 1635) in paragraph at lines 684--686
\T1/cmr/m/n/10 Le per-son-nage dirige des ac-tiv-ités crim-inelles,
 []

[27]
Underfull \hbox (badness 1168) in paragraph at lines 703--705
\T1/cmr/m/n/10 tromperie. cer-tains l'ont bien com-pris et de
 []

[28] [29]
Underfull \hbox (badness 1152) in paragraph at lines 733--735
\T1/cmr/m/n/10 Chaque re-li-gion a ses prêtres, qui in-ter-cè-dent
 []

[30]
Underfull \hbox (badness 7116) in paragraph at lines 777--778
\T1/cmr/m/n/10 Le per-son-nage sait lire et écrire, quoique
 []


Underfull \hbox (badness 2573) in paragraph at lines 783--784
\T1/cmr/m/n/10 Le per-son-nage fait par-tie d'une or-gan-i-sa-tion,
 []

[31]
Underfull \hbox (badness 1803) in paragraph at lines 795--796
\T1/cmr/m/n/10 Le per-son-nage est recher-ché par une fac-tion,
 []

[32]
Chapter 4.
[33


] [34

] [35

] [36


] (regles.toc [37])
\tf@toc=\write3
\openout3 = `regles.toc'.

 [38] (regles.aux) ) 
Here is how much of TeX's memory you used:
 1456 strings out of 492972
 16897 string characters out of 3125735
 81535 words of memory out of 3000000
 5335 multiletter control sequences out of 15000+200000
 19289 words of font info for 52 fonts, out of 3000000 for 9000
 1141 hyphenation exceptions out of 8191
 27i,8n,25p,619b,264s stack positions out of 5000i,500n,10000p,200000b,50000s
 <C:\Users\Antoine\AppData\Local\MiKTeX\2.9\fonts\pk\ljfour
\jknappen\ec\dpi600\ecbx1200.pk> <C:\Users\Antoine\AppData\Local\MiKTeX\2.9\fon
ts\pk\ljfour\jknappen\ec\dpi600\ecbx1440.pk> <C:\Users\Antoine\AppData\Local\Mi
KTeX\2.9\fonts\pk\ljfour\jknappen\ec\dpi600\ecbx2074.pk> <C:\Users\Antoine\AppD
ata\Local\MiKTeX\2.9\fonts\pk\ljfour\jknappen\ec\dpi600\ecsl1000.pk> <C:\Users\
Antoine\AppData\Local\MiKTeX\2.9\fonts\pk\ljfour\jknappen\ec\dpi600\ecbx1000.pk
> <C:\Users\Antoine\AppData\Local\MiKTeX\2.9\fonts\pk\ljfour\jknappen\ec\dpi600
\ecbx2488.pk> <C:\Users\Antoine\AppData\Local\MiKTeX\2.9\fonts\pk\ljfour\jknapp
en\ec\dpi600\ecrm1000.pk> <C:\Users\Antoine\AppData\Local\MiKTeX\2.9\fonts\pk\l
jfour\jknappen\ec\dpi600\ecrm1200.pk> <C:\Users\Antoine\AppData\Local\MiKTeX\2.
9\fonts\pk\ljfour\jknappen\ec\dpi600\ecrm1728.pk><C:/Users/Antoine/AppData/Loca
l/Programs/MiKTeX 2.9/fonts/type1/public/amsfonts/cm/cmsy10.pfb>
Output written on regles.pdf (38 pages, 227433 bytes).
PDF statistics:
 524 PDF objects out of 1000 (max. 8388607)
 0 named destinations out of 1000 (max. 500000)
 1 words of extra memory for PDF output out of 10000 (max. 10000000)

